<?xml version="1.0" encoding="UTF-8"?>
<!-- Generated by org.testng.reporters.JUnitReportReporter -->
<testsuite hostname="Aquma" name="com.ucr.GimnasioXyzLibraryB05027.ClienteTest" tests="1" failures="0" timestamp="14 May 2016 18:19:32 GMT" time="11.954" errors="0">
  <testcase name="buscar" time="11.954" classname="com.ucr.GimnasioXyzLibraryB05027.ClienteTest"/>
</testsuite> <!-- com.ucr.GimnasioXyzLibraryB05027.ClienteTest -->
