<?xml version="1.0" encoding="UTF-8"?>
<beans:beans xmlns="http://www.springframework.org/schema/mvc"
	xmlns:xsi="http://www.w3.org/2001/XMLSchema-instance"
	xmlns:beans="http://www.springframework.org/schema/beans"
	xmlns:context="http://www.springframework.org/schema/context"
	xsi:schemaLocation="http://www.springframework.org/schema/mvc http://www.springframework.org/schema/mvc/spring-mvc.xsd
		http://www.springframework.org/schema/beans http://www.springframework.org/schema/beans/spring-beans.xsd
		http://www.springframework.org/schema/context http://www.springframework.org/schema/context/spring-context.xsd">

	<!--  Conexion con DB -->
	<beans:bean id="productoDao" class="com.ucr.PuntoDeVenta.DataAccess.ProductoDao">
		<beans:property name="dataSource" ref="dataSource" />
	</beans:bean>

	<beans:bean id="dataSource" class="org.apache.commons.dbcp.BasicDataSource" destroy-method="close">
		<beans:property name="driverClassName" value="${jdbc.driverClassName}"/>
		<beans:property name="url" value="${jdbc.url}"/>
		<beans:property name="username" value="${jdbc.username}"/>
		<beans:property name="password" value="${jdbc.password}"/>
	</beans:bean>

	<context:property-placeholder location="jdbctest.properties"/>
	
	
</beans:beans>
